2015-11-25 13:53:00,255 [main] INFO  [org.springframework.web.context.ContextLoader] - Root WebApplicationContext: initialization started
2015-11-25 13:53:00,963 [main] INFO  [org.springframework.web.context.support.XmlWebApplicationContext] - Refreshing Root WebApplicationContext: startup date [Wed Nov 25 13:53:00 CST 2015]; root of context hierarchy
2015-11-25 13:53:01,284 [main] INFO  [org.springframework.beans.factory.xml.XmlBeanDefinitionReader] - Loading XML bean definitions from class path resource [applicationContext.xml]
2015-11-25 13:53:01,826 [main] INFO  [org.springframework.context.annotation.ClassPathBeanDefinitionScanner] - JSR-330 'javax.inject.Named' annotation found and supported for component scanning
2015-11-25 13:53:01,997 [main] INFO  [org.springframework.context.annotation.ClassPathBeanDefinitionScanner] - JSR-330 'javax.inject.Named' annotation found and supported for component scanning
2015-11-25 13:53:02,542 [main] INFO  [org.springframework.context.support.PropertySourcesPlaceholderConfigurer] - Loading properties file from class path resource [db.properties]
2015-11-25 13:53:02,568 [main] INFO  [org.springframework.beans.factory.annotation.AutowiredAnnotationBeanPostProcessor] - JSR-330 'javax.inject.Inject' annotation found and supported for autowiring
2015-11-25 13:53:02,677 [main] INFO  [org.springframework.beans.factory.support.DefaultListableBeanFactory] - Pre-instantiating singletons in org.springframework.beans.factory.support.DefaultListableBeanFactory@4f8d86e4: defining beans [loginLogDao,userDao,org.springframework.context.annotation.internalConfigurationAnnotationProcessor,org.springframework.context.annotation.internalAutowiredAnnotationProcessor,org.springframework.context.annotation.internalRequiredAnnotationProcessor,org.springframework.context.annotation.internalCommonAnnotationProcessor,userServiceImpl,org.springframework.aop.config.internalAutoProxyCreator,serviceMethod,org.springframework.aop.support.DefaultBeanFactoryPointcutAdvisor#0,txAdvice,transactionManager,org.springframework.context.support.PropertySourcesPlaceholderConfigurer#0,dataSource,jdbcTemplate,org.springframework.web.servlet.view.InternalResourceViewResolver#0,sqlSessionFactory,org.mybatis.spring.mapper.MapperScannerConfigurer#0,org.springframework.context.annotation.ConfigurationClassPostProcessor$ImportAwareBeanPostProcessor#0,userMapper]; root of factory hierarchy
2015-11-25 13:53:04,436 [main] INFO  [org.springframework.web.context.ContextLoader] - Root WebApplicationContext: initialization completed in 3618 ms
2015-11-25 13:53:04,754 [main] INFO  [org.springframework.web.servlet.DispatcherServlet] - FrameworkServlet 'viewspace': initialization started
2015-11-25 13:53:04,820 [main] INFO  [org.springframework.web.context.support.XmlWebApplicationContext] - Refreshing WebApplicationContext for namespace 'viewspace-servlet': startup date [Wed Nov 25 13:53:04 CST 2015]; parent: Root WebApplicationContext
2015-11-25 13:53:04,833 [main] INFO  [org.springframework.beans.factory.xml.XmlBeanDefinitionReader] - Loading XML bean definitions from class path resource [application-servlet.xml]
2015-11-25 13:53:04,955 [main] INFO  [org.springframework.context.annotation.ClassPathBeanDefinitionScanner] - JSR-330 'javax.inject.Named' annotation found and supported for component scanning
2015-11-25 13:53:05,005 [main] INFO  [org.springframework.beans.factory.annotation.AutowiredAnnotationBeanPostProcessor] - JSR-330 'javax.inject.Inject' annotation found and supported for autowiring
2015-11-25 13:53:05,012 [main] INFO  [org.springframework.beans.factory.support.DefaultListableBeanFactory] - Pre-instantiating singletons in org.springframework.beans.factory.support.DefaultListableBeanFactory@68af87ad: defining beans [loginController,mybatisController,org.springframework.context.annotation.internalConfigurationAnnotationProcessor,org.springframework.context.annotation.internalAutowiredAnnotationProcessor,org.springframework.context.annotation.internalRequiredAnnotationProcessor,org.springframework.context.annotation.internalCommonAnnotationProcessor,org.springframework.context.annotation.ConfigurationClassPostProcessor$ImportAwareBeanPostProcessor#0]; parent: org.springframework.beans.factory.support.DefaultListableBeanFactory@4f8d86e4
2015-11-25 13:53:05,187 [main] INFO  [org.springframework.web.servlet.mvc.annotation.DefaultAnnotationHandlerMapping] - Mapped URL path [/login.html] onto handler 'loginController'
2015-11-25 13:53:05,194 [main] INFO  [org.springframework.web.servlet.mvc.annotation.DefaultAnnotationHandlerMapping] - Mapped URL path [/loginCheck.html] onto handler 'loginController'
2015-11-25 13:53:05,204 [main] INFO  [org.springframework.web.servlet.mvc.annotation.DefaultAnnotationHandlerMapping] - Mapped URL path [/table.html] onto handler 'mybatisController'
2015-11-25 13:53:05,216 [main] INFO  [org.springframework.web.servlet.mvc.annotation.DefaultAnnotationHandlerMapping] - Mapped URL path [/myq.html] onto handler 'mybatisController'
2015-11-25 13:53:05,227 [main] INFO  [org.springframework.web.servlet.mvc.annotation.DefaultAnnotationHandlerMapping] - Mapped URL path [/home.html] onto handler 'mybatisController'
2015-11-25 13:53:05,232 [main] INFO  [org.springframework.web.servlet.mvc.annotation.DefaultAnnotationHandlerMapping] - Mapped URL path [/selectAll.html] onto handler 'mybatisController'
2015-11-25 13:53:05,239 [main] INFO  [org.springframework.web.servlet.mvc.annotation.DefaultAnnotationHandlerMapping] - Mapped URL path [/edit/{Id}.html] onto handler 'mybatisController'
2015-11-25 13:53:05,246 [main] INFO  [org.springframework.web.servlet.mvc.annotation.DefaultAnnotationHandlerMapping] - Mapped URL path [/table2.html] onto handler 'mybatisController'
2015-11-25 13:53:05,251 [main] INFO  [org.springframework.web.servlet.mvc.annotation.DefaultAnnotationHandlerMapping] - Mapped URL path [/insert.html] onto handler 'mybatisController'
2015-11-25 13:53:05,740 [main] INFO  [org.springframework.web.servlet.DispatcherServlet] - FrameworkServlet 'viewspace': initialization completed in 923 ms
2015-11-25 14:02:27,675 [main] INFO  [org.springframework.web.context.ContextLoader] - Root WebApplicationContext: initialization started
2015-11-25 14:02:28,224 [main] INFO  [org.springframework.web.context.support.XmlWebApplicationContext] - Refreshing Root WebApplicationContext: startup date [Wed Nov 25 14:02:28 CST 2015]; root of context hierarchy
2015-11-25 14:02:28,325 [main] INFO  [org.springframework.beans.factory.xml.XmlBeanDefinitionReader] - Loading XML bean definitions from class path resource [applicationContext.xml]
2015-11-25 14:02:28,767 [main] INFO  [org.springframework.context.annotation.ClassPathBeanDefinitionScanner] - JSR-330 'javax.inject.Named' annotation found and supported for component scanning
2015-11-25 14:02:28,861 [main] INFO  [org.springframework.context.annotation.ClassPathBeanDefinitionScanner] - JSR-330 'javax.inject.Named' annotation found and supported for component scanning
2015-11-25 14:02:29,324 [main] INFO  [org.springframework.context.support.PropertySourcesPlaceholderConfigurer] - Loading properties file from class path resource [db.properties]
2015-11-25 14:02:29,358 [main] INFO  [org.springframework.beans.factory.annotation.AutowiredAnnotationBeanPostProcessor] - JSR-330 'javax.inject.Inject' annotation found and supported for autowiring
2015-11-25 14:02:29,437 [main] INFO  [org.springframework.beans.factory.support.DefaultListableBeanFactory] - Pre-instantiating singletons in org.springframework.beans.factory.support.DefaultListableBeanFactory@7fc420b8: defining beans [loginLogDao,userDao,org.springframework.context.annotation.internalConfigurationAnnotationProcessor,org.springframework.context.annotation.internalAutowiredAnnotationProcessor,org.springframework.context.annotation.internalRequiredAnnotationProcessor,org.springframework.context.annotation.internalCommonAnnotationProcessor,userServiceImpl,org.springframework.aop.config.internalAutoProxyCreator,serviceMethod,org.springframework.aop.support.DefaultBeanFactoryPointcutAdvisor#0,txAdvice,transactionManager,org.springframework.context.support.PropertySourcesPlaceholderConfigurer#0,dataSource,jdbcTemplate,org.springframework.web.servlet.view.InternalResourceViewResolver#0,sqlSessionFactory,org.mybatis.spring.mapper.MapperScannerConfigurer#0,org.springframework.context.annotation.ConfigurationClassPostProcessor$ImportAwareBeanPostProcessor#0,userMapper]; root of factory hierarchy
2015-11-25 14:02:31,130 [main] INFO  [org.springframework.web.context.ContextLoader] - Root WebApplicationContext: initialization completed in 2989 ms
2015-11-25 14:02:31,308 [main] INFO  [org.springframework.web.servlet.DispatcherServlet] - FrameworkServlet 'viewspace': initialization started
2015-11-25 14:02:31,348 [main] INFO  [org.springframework.web.context.support.XmlWebApplicationContext] - Refreshing WebApplicationContext for namespace 'viewspace-servlet': startup date [Wed Nov 25 14:02:31 CST 2015]; parent: Root WebApplicationContext
2015-11-25 14:02:31,363 [main] INFO  [org.springframework.beans.factory.xml.XmlBeanDefinitionReader] - Loading XML bean definitions from class path resource [application-servlet.xml]
2015-11-25 14:02:31,431 [main] INFO  [org.springframework.context.annotation.ClassPathBeanDefinitionScanner] - JSR-330 'javax.inject.Named' annotation found and supported for component scanning
2015-11-25 14:02:31,494 [main] INFO  [org.springframework.beans.factory.annotation.AutowiredAnnotationBeanPostProcessor] - JSR-330 'javax.inject.Inject' annotation found and supported for autowiring
2015-11-25 14:02:31,503 [main] INFO  [org.springframework.beans.factory.support.DefaultListableBeanFactory] - Pre-instantiating singletons in org.springframework.beans.factory.support.DefaultListableBeanFactory@4bf03fee: defining beans [loginController,mybatisController,org.springframework.context.annotation.internalConfigurationAnnotationProcessor,org.springframework.context.annotation.internalAutowiredAnnotationProcessor,org.springframework.context.annotation.internalRequiredAnnotationProcessor,org.springframework.context.annotation.internalCommonAnnotationProcessor,org.springframework.context.annotation.ConfigurationClassPostProcessor$ImportAwareBeanPostProcessor#0]; parent: org.springframework.beans.factory.support.DefaultListableBeanFactory@7fc420b8
2015-11-25 14:02:31,618 [main] INFO  [org.springframework.web.servlet.mvc.annotation.DefaultAnnotationHandlerMapping] - Mapped URL path [/loginCheck.html] onto handler 'loginController'
2015-11-25 14:02:31,624 [main] INFO  [org.springframework.web.servlet.mvc.annotation.DefaultAnnotationHandlerMapping] - Mapped URL path [/login.html] onto handler 'loginController'
2015-11-25 14:02:31,628 [main] INFO  [org.springframework.web.servlet.mvc.annotation.DefaultAnnotationHandlerMapping] - Mapped URL path [/table.html] onto handler 'mybatisController'
2015-11-25 14:02:31,635 [main] INFO  [org.springframework.web.servlet.mvc.annotation.DefaultAnnotationHandlerMapping] - Mapped URL path [/edit/{Id}.html] onto handler 'mybatisController'
2015-11-25 14:02:31,641 [main] INFO  [org.springframework.web.servlet.mvc.annotation.DefaultAnnotationHandlerMapping] - Mapped URL path [/home.html] onto handler 'mybatisController'
2015-11-25 14:02:31,645 [main] INFO  [org.springframework.web.servlet.mvc.annotation.DefaultAnnotationHandlerMapping] - Mapped URL path [/selectAll.html] onto handler 'mybatisController'
2015-11-25 14:02:31,649 [main] INFO  [org.springframework.web.servlet.mvc.annotation.DefaultAnnotationHandlerMapping] - Mapped URL path [/table2.html] onto handler 'mybatisController'
2015-11-25 14:02:31,655 [main] INFO  [org.springframework.web.servlet.mvc.annotation.DefaultAnnotationHandlerMapping] - Mapped URL path [/myq.html] onto handler 'mybatisController'
2015-11-25 14:02:31,659 [main] INFO  [org.springframework.web.servlet.mvc.annotation.DefaultAnnotationHandlerMapping] - Mapped URL path [/insert.html] onto handler 'mybatisController'
2015-11-25 14:02:31,986 [main] INFO  [org.springframework.web.servlet.DispatcherServlet] - FrameworkServlet 'viewspace': initialization completed in 644 ms
2015-11-25 15:27:10,603 [main] INFO  [org.springframework.web.context.ContextLoader] - Root WebApplicationContext: initialization started
2015-11-25 15:27:11,255 [main] INFO  [org.springframework.web.context.support.XmlWebApplicationContext] - Refreshing Root WebApplicationContext: startup date [Wed Nov 25 15:27:11 CST 2015]; root of context hierarchy
2015-11-25 15:27:11,327 [main] INFO  [org.springframework.beans.factory.xml.XmlBeanDefinitionReader] - Loading XML bean definitions from class path resource [applicationContext.xml]
2015-11-25 15:27:11,812 [main] INFO  [org.springframework.context.annotation.ClassPathBeanDefinitionScanner] - JSR-330 'javax.inject.Named' annotation found and supported for component scanning
2015-11-25 15:27:11,980 [main] INFO  [org.springframework.context.annotation.ClassPathBeanDefinitionScanner] - JSR-330 'javax.inject.Named' annotation found and supported for component scanning
2015-11-25 15:27:12,294 [main] INFO  [org.springframework.context.support.PropertySourcesPlaceholderConfigurer] - Loading properties file from class path resource [db.properties]
2015-11-25 15:27:12,326 [main] INFO  [org.springframework.beans.factory.annotation.AutowiredAnnotationBeanPostProcessor] - JSR-330 'javax.inject.Inject' annotation found and supported for autowiring
2015-11-25 15:27:12,406 [main] INFO  [org.springframework.beans.factory.support.DefaultListableBeanFactory] - Pre-instantiating singletons in org.springframework.beans.factory.support.DefaultListableBeanFactory@3134153d: defining beans [loginLogDao,userDao,org.springframework.context.annotation.internalConfigurationAnnotationProcessor,org.springframework.context.annotation.internalAutowiredAnnotationProcessor,org.springframework.context.annotation.internalRequiredAnnotationProcessor,org.springframework.context.annotation.internalCommonAnnotationProcessor,userServiceImpl,org.springframework.aop.config.internalAutoProxyCreator,serviceMethod,org.springframework.aop.support.DefaultBeanFactoryPointcutAdvisor#0,txAdvice,transactionManager,org.springframework.context.support.PropertySourcesPlaceholderConfigurer#0,dataSource,jdbcTemplate,org.springframework.web.servlet.view.InternalResourceViewResolver#0,sqlSessionFactory,org.mybatis.spring.mapper.MapperScannerConfigurer#0,org.springframework.context.annotation.ConfigurationClassPostProcessor$ImportAwareBeanPostProcessor#0,userMapper]; root of factory hierarchy
2015-11-25 15:27:14,104 [main] INFO  [org.springframework.web.context.ContextLoader] - Root WebApplicationContext: initialization completed in 2943 ms
2015-11-25 15:27:14,317 [main] INFO  [org.springframework.web.servlet.DispatcherServlet] - FrameworkServlet 'viewspace': initialization started
2015-11-25 15:27:14,370 [main] INFO  [org.springframework.web.context.support.XmlWebApplicationContext] - Refreshing WebApplicationContext for namespace 'viewspace-servlet': startup date [Wed Nov 25 15:27:14 CST 2015]; parent: Root WebApplicationContext
2015-11-25 15:27:14,377 [main] INFO  [org.springframework.beans.factory.xml.XmlBeanDefinitionReader] - Loading XML bean definitions from class path resource [application-servlet.xml]
2015-11-25 15:27:14,461 [main] INFO  [org.springframework.context.annotation.ClassPathBeanDefinitionScanner] - JSR-330 'javax.inject.Named' annotation found and supported for component scanning
2015-11-25 15:27:14,492 [main] INFO  [org.springframework.beans.factory.annotation.AutowiredAnnotationBeanPostProcessor] - JSR-330 'javax.inject.Inject' annotation found and supported for autowiring
2015-11-25 15:27:14,502 [main] INFO  [org.springframework.beans.factory.support.DefaultListableBeanFactory] - Pre-instantiating singletons in org.springframework.beans.factory.support.DefaultListableBeanFactory@601eb4af: defining beans [loginController,mybatisController,org.springframework.context.annotation.internalConfigurationAnnotationProcessor,org.springframework.context.annotation.internalAutowiredAnnotationProcessor,org.springframework.context.annotation.internalRequiredAnnotationProcessor,org.springframework.context.annotation.internalCommonAnnotationProcessor,org.springframework.context.annotation.ConfigurationClassPostProcessor$ImportAwareBeanPostProcessor#0]; parent: org.springframework.beans.factory.support.DefaultListableBeanFactory@3134153d
2015-11-25 15:27:14,635 [main] INFO  [org.springframework.web.servlet.mvc.annotation.DefaultAnnotationHandlerMapping] - Mapped URL path [/loginCheck.html] onto handler 'loginController'
2015-11-25 15:27:14,640 [main] INFO  [org.springframework.web.servlet.mvc.annotation.DefaultAnnotationHandlerMapping] - Mapped URL path [/login.html] onto handler 'loginController'
2015-11-25 15:27:14,645 [main] INFO  [org.springframework.web.servlet.mvc.annotation.DefaultAnnotationHandlerMapping] - Mapped URL path [/table.html] onto handler 'mybatisController'
2015-11-25 15:27:14,650 [main] INFO  [org.springframework.web.servlet.mvc.annotation.DefaultAnnotationHandlerMapping] - Mapped URL path [/home.html] onto handler 'mybatisController'
2015-11-25 15:27:14,655 [main] INFO  [org.springframework.web.servlet.mvc.annotation.DefaultAnnotationHandlerMapping] - Mapped URL path [/selectAll.html] onto handler 'mybatisController'
2015-11-25 15:27:14,659 [main] INFO  [org.springframework.web.servlet.mvc.annotation.DefaultAnnotationHandlerMapping] - Mapped URL path [/edit/{Id}.html] onto handler 'mybatisController'
2015-11-25 15:27:14,666 [main] INFO  [org.springframework.web.servlet.mvc.annotation.DefaultAnnotationHandlerMapping] - Mapped URL path [/table2.html] onto handler 'mybatisController'
2015-11-25 15:27:14,670 [main] INFO  [org.springframework.web.servlet.mvc.annotation.DefaultAnnotationHandlerMapping] - Mapped URL path [/myq.html] onto handler 'mybatisController'
2015-11-25 15:27:14,679 [main] INFO  [org.springframework.web.servlet.mvc.annotation.DefaultAnnotationHandlerMapping] - Mapped URL path [/insert.html] onto handler 'mybatisController'
2015-11-25 15:27:15,011 [main] INFO  [org.springframework.web.servlet.DispatcherServlet] - FrameworkServlet 'viewspace': initialization completed in 647 ms
2015-12-07 16:05:16,320 [main] INFO  [org.springframework.web.context.ContextLoader] - Root WebApplicationContext: initialization started
2015-12-07 16:05:18,885 [main] INFO  [org.springframework.web.context.support.XmlWebApplicationContext] - Refreshing Root WebApplicationContext: startup date [Mon Dec 07 16:05:18 CST 2015]; root of context hierarchy
2015-12-07 16:05:21,312 [main] INFO  [org.springframework.beans.factory.xml.XmlBeanDefinitionReader] - Loading XML bean definitions from class path resource [applicationContext.xml]
2015-12-07 16:05:24,639 [main] INFO  [org.springframework.context.annotation.ClassPathBeanDefinitionScanner] - JSR-330 'javax.inject.Named' annotation found and supported for component scanning
2015-12-07 16:05:26,818 [main] INFO  [org.springframework.context.annotation.ClassPathBeanDefinitionScanner] - JSR-330 'javax.inject.Named' annotation found and supported for component scanning
2015-12-07 16:05:29,874 [main] INFO  [org.springframework.context.support.PropertySourcesPlaceholderConfigurer] - Loading properties file from class path resource [db.properties]
2015-12-07 16:05:32,178 [main] INFO  [org.springframework.beans.factory.annotation.AutowiredAnnotationBeanPostProcessor] - JSR-330 'javax.inject.Inject' annotation found and supported for autowiring
2015-12-07 16:05:34,551 [main] INFO  [org.springframework.beans.factory.support.DefaultListableBeanFactory] - Pre-instantiating singletons in org.springframework.beans.factory.support.DefaultListableBeanFactory@77bc2e16: defining beans [loginLogDao,userDao,org.springframework.context.annotation.internalConfigurationAnnotationProcessor,org.springframework.context.annotation.internalAutowiredAnnotationProcessor,org.springframework.context.annotation.internalRequiredAnnotationProcessor,org.springframework.context.annotation.internalCommonAnnotationProcessor,userServiceImpl,org.springframework.aop.config.internalAutoProxyCreator,serviceMethod,org.springframework.aop.support.DefaultBeanFactoryPointcutAdvisor#0,txAdvice,transactionManager,org.springframework.context.support.PropertySourcesPlaceholderConfigurer#0,dataSource,jdbcTemplate,org.springframework.web.servlet.view.InternalResourceViewResolver#0,sqlSessionFactory,org.mybatis.spring.mapper.MapperScannerConfigurer#0,org.springframework.context.annotation.ConfigurationClassPostProcessor$ImportAwareBeanPostProcessor#0,userMapper]; root of factory hierarchy
2015-12-07 16:05:41,370 [main] INFO  [org.springframework.web.context.ContextLoader] - Root WebApplicationContext: initialization completed in 22607 ms
2015-12-07 16:05:44,485 [main] INFO  [org.springframework.web.servlet.DispatcherServlet] - FrameworkServlet 'viewspace': initialization started
2015-12-07 16:05:46,744 [main] INFO  [org.springframework.web.context.support.XmlWebApplicationContext] - Refreshing WebApplicationContext for namespace 'viewspace-servlet': startup date [Mon Dec 07 16:05:46 CST 2015]; parent: Root WebApplicationContext
2015-12-07 16:05:49,057 [main] INFO  [org.springframework.beans.factory.xml.XmlBeanDefinitionReader] - Loading XML bean definitions from class path resource [application-servlet.xml]
2015-12-07 16:05:51,522 [main] INFO  [org.springframework.context.annotation.ClassPathBeanDefinitionScanner] - JSR-330 'javax.inject.Named' annotation found and supported for component scanning
2015-12-07 16:05:54,187 [main] INFO  [org.springframework.beans.factory.annotation.AutowiredAnnotationBeanPostProcessor] - JSR-330 'javax.inject.Inject' annotation found and supported for autowiring
2015-12-07 16:05:56,294 [main] INFO  [org.springframework.beans.factory.support.DefaultListableBeanFactory] - Pre-instantiating singletons in org.springframework.beans.factory.support.DefaultListableBeanFactory@2f995afc: defining beans [loginController,mybatisController,org.springframework.context.annotation.internalConfigurationAnnotationProcessor,org.springframework.context.annotation.internalAutowiredAnnotationProcessor,org.springframework.context.annotation.internalRequiredAnnotationProcessor,org.springframework.context.annotation.internalCommonAnnotationProcessor,org.springframework.context.annotation.ConfigurationClassPostProcessor$ImportAwareBeanPostProcessor#0]; parent: org.springframework.beans.factory.support.DefaultListableBeanFactory@77bc2e16
2015-12-07 16:05:58,678 [main] INFO  [org.springframework.web.servlet.mvc.annotation.DefaultAnnotationHandlerMapping] - Mapped URL path [/login.html] onto handler 'loginController'
2015-12-07 16:06:01,078 [main] INFO  [org.springframework.web.servlet.mvc.annotation.DefaultAnnotationHandlerMapping] - Mapped URL path [/loginCheck.html] onto handler 'loginController'
2015-12-07 16:06:03,151 [main] INFO  [org.springframework.web.servlet.mvc.annotation.DefaultAnnotationHandlerMapping] - Mapped URL path [/table.html] onto handler 'mybatisController'
2015-12-07 16:06:05,488 [main] INFO  [org.springframework.web.servlet.mvc.annotation.DefaultAnnotationHandlerMapping] - Mapped URL path [/myq.html] onto handler 'mybatisController'
2015-12-07 16:06:07,789 [main] INFO  [org.springframework.web.servlet.mvc.annotation.DefaultAnnotationHandlerMapping] - Mapped URL path [/edit/{Id}.html] onto handler 'mybatisController'
2015-12-07 16:06:10,156 [main] INFO  [org.springframework.web.servlet.mvc.annotation.DefaultAnnotationHandlerMapping] - Mapped URL path [/selectAll.html] onto handler 'mybatisController'
2015-12-07 16:06:12,175 [main] INFO  [org.springframework.web.servlet.mvc.annotation.DefaultAnnotationHandlerMapping] - Mapped URL path [/table2.html] onto handler 'mybatisController'
2015-12-07 16:06:14,446 [main] INFO  [org.springframework.web.servlet.mvc.annotation.DefaultAnnotationHandlerMapping] - Mapped URL path [/home.html] onto handler 'mybatisController'
2015-12-07 16:06:16,456 [main] INFO  [org.springframework.web.servlet.mvc.annotation.DefaultAnnotationHandlerMapping] - Mapped URL path [/insert.html] onto handler 'mybatisController'
2015-12-07 16:06:19,370 [main] INFO  [org.springframework.web.servlet.DispatcherServlet] - FrameworkServlet 'viewspace': initialization completed in 32629 ms
2015-12-07 16:07:25,618 [Timer-1] INFO  [org.springframework.web.context.support.XmlWebApplicationContext] - Closing WebApplicationContext for namespace 'viewspace-servlet': startup date [Mon Dec 07 16:05:46 CST 2015]; parent: Root WebApplicationContext
2015-12-07 16:07:27,626 [Timer-1] INFO  [org.springframework.beans.factory.support.DefaultListableBeanFactory] - Destroying singletons in org.springframework.beans.factory.support.DefaultListableBeanFactory@2f995afc: defining beans [loginController,mybatisController,org.springframework.context.annotation.internalConfigurationAnnotationProcessor,org.springframework.context.annotation.internalAutowiredAnnotationProcessor,org.springframework.context.annotation.internalRequiredAnnotationProcessor,org.springframework.context.annotation.internalCommonAnnotationProcessor,org.springframework.context.annotation.ConfigurationClassPostProcessor$ImportAwareBeanPostProcessor#0]; parent: org.springframework.beans.factory.support.DefaultListableBeanFactory@77bc2e16
